  02.UserManagementProgram.cpp
C:\Program Files\Microsoft Visual Studio\2022\Community\VC\Tools\MSVC\14.36.32532\include\string_view(13): warning STL4038: The contents of <string_view> are available only with C++17 or later.
C:\Program Files\Microsoft Visual Studio\2022\Community\VC\Tools\MSVC\14.36.32532\include\format(43): warning STL4038: The contents of <format> are available only with C++20 or later.
D:\SJ_Practice\C++\02.UserManagementProgram\Classes\DataBase.h(10,10): error C2143: 구문 오류: ';'이(가) '*' 앞에 없습니다.
D:\SJ_Practice\C++\02.UserManagementProgram\Classes\DataBase.h(10,10): error C4430: 형식 지정자가 없습니다. int로 가정합니다. 참고: C++에서는 기본 int를 지원하지 않습니다.
D:\SJ_Practice\C++\02.UserManagementProgram\Classes\DataBase.h(10,52): error C2238: ';' 앞에 예기치 않은 토큰이 있습니다.
D:\SJ_Practice\C++\02.UserManagementProgram\Classes\DataBase.h(15,10): error C2143: 구문 오류: ';'이(가) '*' 앞에 없습니다.
D:\SJ_Practice\C++\02.UserManagementProgram\Classes\DataBase.h(15,10): error C4430: 형식 지정자가 없습니다. int로 가정합니다. 참고: C++에서는 기본 int를 지원하지 않습니다.
D:\SJ_Practice\C++\02.UserManagementProgram\Classes\DataBase.h(15,49): error C2238: ';' 앞에 예기치 않은 토큰이 있습니다.
D:\SJ_Practice\C++\02.UserManagementProgram\Classes\DataBase.h(18,10): error C2143: 구문 오류: ';'이(가) '*' 앞에 없습니다.
D:\SJ_Practice\C++\02.UserManagementProgram\Classes\DataBase.h(18,10): error C4430: 형식 지정자가 없습니다. int로 가정합니다. 참고: C++에서는 기본 int를 지원하지 않습니다.
D:\SJ_Practice\C++\02.UserManagementProgram\Classes\DataBase.h(18,51): error C2238: ';' 앞에 예기치 않은 토큰이 있습니다.
D:\SJ_Practice\C++\02.UserManagementProgram\Classes\DataBase.h(21,35): error C4430: 형식 지정자가 없습니다. int로 가정합니다. 참고: C++에서는 기본 int를 지원하지 않습니다.
D:\SJ_Practice\C++\02.UserManagementProgram\Classes\DataBase.h(21,35): error C2143: 구문 오류: ','이(가) '&' 앞에 없습니다.
D:\SJ_Practice\C++\02.UserManagementProgram\Classes\DataBase.h(23,36): error C2065: 'FAccount': 선언되지 않은 식별자입니다.
D:\SJ_Practice\C++\02.UserManagementProgram\Classes\DataBase.h(23,8): error C2923: 'std::unordered_map': 'FAccount'은(는) '_Ty' 매개 변수에 대한 올바른 템플릿 형식 인수가 아닙니다.
D:\SJ_Practice\C++\02.UserManagementProgram\Classes\DataBase.h(23,36): message : 'FAccount' 선언을 참조하십시오.
D:\SJ_Practice\C++\02.UserManagementProgram\Classes\DataBase.h(23,8): error C2976: 'std::unordered_map': 템플릿 인수가 너무 적습니다.
C:\Program Files\Microsoft Visual Studio\2022\Community\VC\Tools\MSVC\14.36.32532\include\unordered_map(67,1): message : 'std::unordered_map' 선언을 참조하십시오.
D:\SJ_Practice\C++\02.UserManagementProgram\Classes\DataBase.h(40,30): error C2065: 'FAccount': 선언되지 않은 식별자입니다.
D:\SJ_Practice\C++\02.UserManagementProgram\Classes\DataBase.h(40,2): error C2923: 'std::unordered_map': 'FAccount'은(는) '_Ty' 매개 변수에 대한 올바른 템플릿 형식 인수가 아닙니다.
D:\SJ_Practice\C++\02.UserManagementProgram\Classes\DataBase.h(40,30): message : 'FAccount' 선언을 참조하십시오.
D:\SJ_Practice\C++\02.UserManagementProgram\Classes\DataBase.h(40,2): error C2976: 'std::unordered_map': 템플릿 인수가 너무 적습니다.
C:\Program Files\Microsoft Visual Studio\2022\Community\VC\Tools\MSVC\14.36.32532\include\unordered_map(67,1): message : 'std::unordered_map' 선언을 참조하십시오.
D:\SJ_Practice\C++\02.UserManagementProgram\Classes\DataBase.h(25,2): error C2143: 구문 오류: ';'이(가) '}' 앞에 없습니다.
D:\SJ_Practice\C++\02.UserManagementProgram\02.UserManagementProgram.cpp(21,2): error C2065: 'FAccount': 선언되지 않은 식별자입니다.
D:\SJ_Practice\C++\02.UserManagementProgram\02.UserManagementProgram.cpp(21,11): error C2146: 구문 오류: ';'이(가) 'Account' 식별자 앞에 없습니다.
D:\SJ_Practice\C++\02.UserManagementProgram\02.UserManagementProgram.cpp(21,11): error C3861: 'Account': 식별자를 찾을 수 없습니다.
D:\SJ_Practice\C++\02.UserManagementProgram\02.UserManagementProgram.cpp(23,2): error C2065: 'FAccount': 선언되지 않은 식별자입니다.
D:\SJ_Practice\C++\02.UserManagementProgram\02.UserManagementProgram.cpp(23,12): error C2065: 'NewAccount': 선언되지 않은 식별자입니다.
D:\SJ_Practice\C++\02.UserManagementProgram\02.UserManagementProgram.cpp(23,35): error C2039: 'CreateAccount': 'FDataBase'의 멤버가 아닙니다.
D:\SJ_Practice\C++\02.UserManagementProgram\Classes\DataBase.h(6,7): message : 'FDataBase' 선언을 참조하십시오.
D:\SJ_Practice\C++\02.UserManagementProgram\02.UserManagementProgram.cpp(23,49): error C2065: 'Account': 선언되지 않은 식별자입니다.
D:\SJ_Practice\C++\02.UserManagementProgram\02.UserManagementProgram.cpp(24,27): error C2065: 'NewAccount': 선언되지 않은 식별자입니다.
D:\SJ_Practice\C++\02.UserManagementProgram\02.UserManagementProgram.cpp(25,26): error C2065: 'Account': 선언되지 않은 식별자입니다.
D:\SJ_Practice\C++\02.UserManagementProgram\02.UserManagementProgram.cpp(26,2): error C2065: 'FAccount': 선언되지 않은 식별자입니다.
D:\SJ_Practice\C++\02.UserManagementProgram\02.UserManagementProgram.cpp(26,12): error C2065: 'NewAccount2': 선언되지 않은 식별자입니다.
D:\SJ_Practice\C++\02.UserManagementProgram\02.UserManagementProgram.cpp(26,36): error C2039: 'CreateAccount': 'FDataBase'의 멤버가 아닙니다.
D:\SJ_Practice\C++\02.UserManagementProgram\Classes\DataBase.h(6,7): message : 'FDataBase' 선언을 참조하십시오.
D:\SJ_Practice\C++\02.UserManagementProgram\02.UserManagementProgram.cpp(26,50): error C2065: 'Account': 선언되지 않은 식별자입니다.
  DataBase.cpp
C:\Program Files\Microsoft Visual Studio\2022\Community\VC\Tools\MSVC\14.36.32532\include\string_view(13): warning STL4038: The contents of <string_view> are available only with C++17 or later.
C:\Program Files\Microsoft Visual Studio\2022\Community\VC\Tools\MSVC\14.36.32532\include\format(43): warning STL4038: The contents of <format> are available only with C++20 or later.
D:\SJ_Practice\C++\02.UserManagementProgram\Classes\DataBase.h(10,10): error C2143: 구문 오류: ';'이(가) '*' 앞에 없습니다.
D:\SJ_Practice\C++\02.UserManagementProgram\Classes\DataBase.h(10,10): error C4430: 형식 지정자가 없습니다. int로 가정합니다. 참고: C++에서는 기본 int를 지원하지 않습니다.
D:\SJ_Practice\C++\02.UserManagementProgram\Classes\DataBase.h(10,52): error C2238: ';' 앞에 예기치 않은 토큰이 있습니다.
D:\SJ_Practice\C++\02.UserManagementProgram\Classes\DataBase.h(15,10): error C2143: 구문 오류: ';'이(가) '*' 앞에 없습니다.
D:\SJ_Practice\C++\02.UserManagementProgram\Classes\DataBase.h(15,10): error C4430: 형식 지정자가 없습니다. int로 가정합니다. 참고: C++에서는 기본 int를 지원하지 않습니다.
D:\SJ_Practice\C++\02.UserManagementProgram\Classes\DataBase.h(15,49): error C2238: ';' 앞에 예기치 않은 토큰이 있습니다.
D:\SJ_Practice\C++\02.UserManagementProgram\Classes\DataBase.h(18,10): error C2143: 구문 오류: ';'이(가) '*' 앞에 없습니다.
D:\SJ_Practice\C++\02.UserManagementProgram\Classes\DataBase.h(18,10): error C4430: 형식 지정자가 없습니다. int로 가정합니다. 참고: C++에서는 기본 int를 지원하지 않습니다.
D:\SJ_Practice\C++\02.UserManagementProgram\Classes\DataBase.h(18,51): error C2238: ';' 앞에 예기치 않은 토큰이 있습니다.
D:\SJ_Practice\C++\02.UserManagementProgram\Classes\DataBase.h(21,35): error C4430: 형식 지정자가 없습니다. int로 가정합니다. 참고: C++에서는 기본 int를 지원하지 않습니다.
D:\SJ_Practice\C++\02.UserManagementProgram\Classes\DataBase.h(21,35): error C2143: 구문 오류: ','이(가) '&' 앞에 없습니다.
D:\SJ_Practice\C++\02.UserManagementProgram\Classes\DataBase.h(23,36): error C2065: 'FAccount': 선언되지 않은 식별자입니다.
D:\SJ_Practice\C++\02.UserManagementProgram\Classes\DataBase.h(23,8): error C2923: 'std::unordered_map': 'FAccount'은(는) '_Ty' 매개 변수에 대한 올바른 템플릿 형식 인수가 아닙니다.
D:\SJ_Practice\C++\02.UserManagementProgram\Classes\DataBase.h(23,36): message : 'FAccount' 선언을 참조하십시오.
D:\SJ_Practice\C++\02.UserManagementProgram\Classes\DataBase.h(23,8): error C2976: 'std::unordered_map': 템플릿 인수가 너무 적습니다.
C:\Program Files\Microsoft Visual Studio\2022\Community\VC\Tools\MSVC\14.36.32532\include\unordered_map(67,1): message : 'std::unordered_map' 선언을 참조하십시오.
D:\SJ_Practice\C++\02.UserManagementProgram\Classes\DataBase.h(40,30): error C2065: 'FAccount': 선언되지 않은 식별자입니다.
D:\SJ_Practice\C++\02.UserManagementProgram\Classes\DataBase.h(40,2): error C2923: 'std::unordered_map': 'FAccount'은(는) '_Ty' 매개 변수에 대한 올바른 템플릿 형식 인수가 아닙니다.
D:\SJ_Practice\C++\02.UserManagementProgram\Classes\DataBase.h(40,30): message : 'FAccount' 선언을 참조하십시오.
D:\SJ_Practice\C++\02.UserManagementProgram\Classes\DataBase.h(40,2): error C2976: 'std::unordered_map': 템플릿 인수가 너무 적습니다.
C:\Program Files\Microsoft Visual Studio\2022\Community\VC\Tools\MSVC\14.36.32532\include\unordered_map(67,1): message : 'std::unordered_map' 선언을 참조하십시오.
D:\SJ_Practice\C++\02.UserManagementProgram\Classes\DataBase.h(25,2): error C2143: 구문 오류: ';'이(가) '}' 앞에 없습니다.
D:\SJ_Practice\C++\02.UserManagementProgram\Classes\DataBase.cpp(5,9): error C2143: 구문 오류: ';'이(가) '*' 앞에 없습니다.
D:\SJ_Practice\C++\02.UserManagementProgram\Classes\DataBase.cpp(5,9): error C4430: 형식 지정자가 없습니다. int로 가정합니다. 참고: C++에서는 기본 int를 지원하지 않습니다.
D:\SJ_Practice\C++\02.UserManagementProgram\Classes\DataBase.cpp(5,22): error C2039: 'CreateAccount': 'FDataBase'의 멤버가 아닙니다.
D:\SJ_Practice\C++\02.UserManagementProgram\Classes\DataBase.h(6,7): message : 'FDataBase' 선언을 참조하십시오.
D:\SJ_Practice\C++\02.UserManagementProgram\Classes\DataBase.cpp(5,50): error C4430: 형식 지정자가 없습니다. int로 가정합니다. 참고: C++에서는 기본 int를 지원하지 않습니다.
D:\SJ_Practice\C++\02.UserManagementProgram\Classes\DataBase.cpp(5,50): error C2143: 구문 오류: ','이(가) '&' 앞에 없습니다.
D:\SJ_Practice\C++\02.UserManagementProgram\Classes\DataBase.cpp(6,1): error C4430: 형식 지정자가 없습니다. int로 가정합니다. 참고: C++에서는 기본 int를 지원하지 않습니다.
D:\SJ_Practice\C++\02.UserManagementProgram\Classes\DataBase.cpp(6,1): error C2059: 구문 오류: '{'
D:\SJ_Practice\C++\02.UserManagementProgram\Classes\DataBase.cpp(6,1): error C2143: 구문 오류: ';'이(가) '{' 앞에 없습니다.
D:\SJ_Practice\C++\02.UserManagementProgram\Classes\DataBase.cpp(6,1): error C2447: '{': 함수 헤더가 없습니다. 이전 스타일의 형식 목록입니까?
D:\SJ_Practice\C++\02.UserManagementProgram\Classes\DataBase.cpp(32,9): error C2143: 구문 오류: ';'이(가) '*' 앞에 없습니다.
D:\SJ_Practice\C++\02.UserManagementProgram\Classes\DataBase.cpp(32,9): error C4430: 형식 지정자가 없습니다. int로 가정합니다. 참고: C++에서는 기본 int를 지원하지 않습니다.
D:\SJ_Practice\C++\02.UserManagementProgram\Classes\DataBase.cpp(32,1): error C2086: 'int FAccount': 재정의
D:\SJ_Practice\C++\02.UserManagementProgram\Classes\DataBase.cpp(5,1): message : 'FAccount' 선언을 참조하십시오.
D:\SJ_Practice\C++\02.UserManagementProgram\Classes\DataBase.cpp(32,22): error C2039: 'FindAccount': 'FDataBase'의 멤버가 아닙니다.
D:\SJ_Practice\C++\02.UserManagementProgram\Classes\DataBase.h(6,7): message : 'FDataBase' 선언을 참조하십시오.
D:\SJ_Practice\C++\02.UserManagementProgram\Classes\DataBase.cpp(33,1): error C4430: 형식 지정자가 없습니다. int로 가정합니다. 참고: C++에서는 기본 int를 지원하지 않습니다.
D:\SJ_Practice\C++\02.UserManagementProgram\Classes\DataBase.cpp(33,1): error C2059: 구문 오류: '{'
D:\SJ_Practice\C++\02.UserManagementProgram\Classes\DataBase.cpp(33,1): error C2143: 구문 오류: ';'이(가) '{' 앞에 없습니다.
D:\SJ_Practice\C++\02.UserManagementProgram\Classes\DataBase.cpp(33,1): error C2447: '{': 함수 헤더가 없습니다. 이전 스타일의 형식 목록입니까?
D:\SJ_Practice\C++\02.UserManagementProgram\Classes\DataBase.cpp(44,9): error C2143: 구문 오류: ';'이(가) '*' 앞에 없습니다.
D:\SJ_Practice\C++\02.UserManagementProgram\Classes\DataBase.cpp(44,9): error C4430: 형식 지정자가 없습니다. int로 가정합니다. 참고: C++에서는 기본 int를 지원하지 않습니다.
D:\SJ_Practice\C++\02.UserManagementProgram\Classes\DataBase.cpp(44,1): error C2086: 'int FAccount': 재정의
D:\SJ_Practice\C++\02.UserManagementProgram\Classes\DataBase.cpp(5,1): message : 'FAccount' 선언을 참조하십시오.
D:\SJ_Practice\C++\02.UserManagementProgram\Classes\DataBase.cpp(44,22): error C2039: 'CheckAccount': 'FDataBase'의 멤버가 아닙니다.
D:\SJ_Practice\C++\02.UserManagementProgram\Classes\DataBase.h(6,7): message : 'FDataBase' 선언을 참조하십시오.
D:\SJ_Practice\C++\02.UserManagementProgram\Classes\DataBase.cpp(44,49): error C4430: 형식 지정자가 없습니다. int로 가정합니다. 참고: C++에서는 기본 int를 지원하지 않습니다.
D:\SJ_Practice\C++\02.UserManagementProgram\Classes\DataBase.cpp(44,49): error C2143: 구문 오류: ','이(가) '&' 앞에 없습니다.
D:\SJ_Practice\C++\02.UserManagementProgram\Classes\DataBase.cpp(45,1): error C4430: 형식 지정자가 없습니다. int로 가정합니다. 참고: C++에서는 기본 int를 지원하지 않습니다.
D:\SJ_Practice\C++\02.UserManagementProgram\Classes\DataBase.cpp(45,1): error C2059: 구문 오류: '{'
D:\SJ_Practice\C++\02.UserManagementProgram\Classes\DataBase.cpp(45,1): error C2143: 구문 오류: ';'이(가) '{' 앞에 없습니다.
D:\SJ_Practice\C++\02.UserManagementProgram\Classes\DataBase.cpp(45,1): error C2447: '{': 함수 헤더가 없습니다. 이전 스타일의 형식 목록입니까?
D:\SJ_Practice\C++\02.UserManagementProgram\Classes\DataBase.cpp(71,45): error C4430: 형식 지정자가 없습니다. int로 가정합니다. 참고: C++에서는 기본 int를 지원하지 않습니다.
D:\SJ_Practice\C++\02.UserManagementProgram\Classes\DataBase.cpp(71,45): error C2143: 구문 오류: ','이(가) '&' 앞에 없습니다.
D:\SJ_Practice\C++\02.UserManagementProgram\Classes\DataBase.cpp(73,12): error C2065: 'Account': 선언되지 않은 식별자입니다.
D:\SJ_Practice\C++\02.UserManagementProgram\Classes\DataBase.cpp(73,35): error C2065: 'InAccount': 선언되지 않은 식별자입니다.
D:\SJ_Practice\C++\02.UserManagementProgram\Classes\DataBase.cpp(74,7): error C2065: 'Account': 선언되지 않은 식별자입니다.
D:\SJ_Practice\C++\02.UserManagementProgram\Classes\DataBase.cpp(77,10): error C2440: 'return': 'nullptr'에서 'bool'(으)로 변환할 수 없습니다.
D:\SJ_Practice\C++\02.UserManagementProgram\Classes\DataBase.cpp(77,10): message : 'nullptr_t'에서 'bool'로 변환하려면 직접 초기화가 필요합니다.
D:\SJ_Practice\C++\02.UserManagementProgram\Classes\DataBase.cpp(80,19): error C2065: 'InAccount': 선언되지 않은 식별자입니다.
D:\SJ_Practice\C++\02.UserManagementProgram\Classes\DataBase.cpp(80,12): error C2663: 'std::_Hash<_Traits>::erase': 오버로드된 함수에 'this' 포인터에 대한 유효한 변환이 없습니다.
C:\Program Files\Microsoft Visual Studio\2022\Community\VC\Tools\MSVC\14.36.32532\include\xhash(1137,15): message : 'list<_Traits::value_type,_Traits::allocator_type>::size_type std::_Hash<_Traits>::erase(const _Traits::key_type &) noexcept(<expr>)'일 수 있습니다.
D:\SJ_Practice\C++\02.UserManagementProgram\Classes\DataBase.cpp(80,12): message : 'list<_Traits::value_type,_Traits::allocator_type>::size_type std::_Hash<_Traits>::erase(const _Traits::key_type &) noexcept(<expr>)': 'this' 포인터를 'std::unordered_map'에서 'std::_Hash<_Traits> &'(으)로 변환할 수 없습니다.
D:\SJ_Practice\C++\02.UserManagementProgram\Classes\DataBase.cpp(80,2): message : 원인: 'std::unordered_map'에서 'std::_Hash<_Traits>'(으)로 변환할 수 없습니다.
D:\SJ_Practice\C++\02.UserManagementProgram\Classes\DataBase.cpp(80,2): message : 변환하려면 둘째 사용자 정의 변환 연산자 또는 생성자가 있어야 합니다.
C:\Program Files\Microsoft Visual Studio\2022\Community\VC\Tools\MSVC\14.36.32532\include\xhash(1128,14): message : 또는       'conditional<std::is_same_v<_Traits::key_type,list<_Traits::value_type,_Traits::allocator_type>::value_type>,list<_Traits::value_type,_Traits::allocator_type>::const_iterator,list<_Traits::value_type,_Traits::allocator_type>::iterator>::type std::_Hash<_Traits>::erase(list<_Traits::value_type,_Traits::allocator_type>::const_iterator) noexcept(<expr>)'
D:\SJ_Practice\C++\02.UserManagementProgram\Classes\DataBase.cpp(80,12): message : 'conditional<std::is_same_v<_Traits::key_type,list<_Traits::value_type,_Traits::allocator_type>::value_type>,list<_Traits::value_type,_Traits::allocator_type>::const_iterator,list<_Traits::value_type,_Traits::allocator_type>::iterator>::type std::_Hash<_Traits>::erase(list<_Traits::value_type,_Traits::allocator_type>::const_iterator) noexcept(<expr>)': 'this' 포인터를 'std::unordered_map'에서 'std::_Hash<_Traits> &'(으)로 변환할 수 없습니다.
D:\SJ_Practice\C++\02.UserManagementProgram\Classes\DataBase.cpp(80,2): message : 원인: 'std::unordered_map'에서 'std::_Hash<_Traits>'(으)로 변환할 수 없습니다.
D:\SJ_Practice\C++\02.UserManagementProgram\Classes\DataBase.cpp(80,2): message : 변환하려면 둘째 사용자 정의 변환 연산자 또는 생성자가 있어야 합니다.
C:\Program Files\Microsoft Visual Studio\2022\Community\VC\Tools\MSVC\14.36.32532\include\xhash(1124,14): message : 또는       'conditional<std::is_same_v<_Traits::key_type,list<_Traits::value_type,_Traits::allocator_type>::value_type>,list<_Traits::value_type,_Traits::allocator_type>::const_iterator,list<_Traits::value_type,_Traits::allocator_type>::iterator>::type std::_Hash<_Traits>::erase(conditional<std::is_same_v<_Traits::key_type,list<_Traits::value_type,_Traits::allocator_type>::value_type>,list<_Traits::value_type,_Traits::allocator_type>::const_iterator,list<_Traits::value_type,_Traits::allocator_type>::iterator>::type) noexcept(<expr>)'
D:\SJ_Practice\C++\02.UserManagementProgram\Classes\DataBase.cpp(80,12): message : 인수 목록 '()'을(를) 일치시키는 동안
D:\SJ_Practice\C++\02.UserManagementProgram\Classes\DataBase.cpp(86,1): error C2512: 'std::unordered_map': 사용할 수 있는 적절한 기본 생성자가 없습니다.
C:\Program Files\Microsoft Visual Studio\2022\Community\VC\Tools\MSVC\14.36.32532\include\unordered_map(67,1): message : 'std::unordered_map' 선언을 참조하십시오.
  Engine.cpp
C:\Program Files\Microsoft Visual Studio\2022\Community\VC\Tools\MSVC\14.36.32532\include\string_view(13): warning STL4038: The contents of <string_view> are available only with C++17 or later.
C:\Program Files\Microsoft Visual Studio\2022\Community\VC\Tools\MSVC\14.36.32532\include\format(43): warning STL4038: The contents of <format> are available only with C++20 or later.
D:\SJ_Practice\C++\02.UserManagementProgram\Classes\Engine.h(19,16): error C7525: 인라인 변수에는 '/std:c++17' 이상이 필요합니다.
D:\SJ_Practice\C++\02.UserManagementProgram\Task\Task.h(4,1): fatal  error C1021: 'inclue' 전처리기 명령이 잘못되었습니다.
  FPlayer.cpp
  PrintAccountTask.cpp
C:\Program Files\Microsoft Visual Studio\2022\Community\VC\Tools\MSVC\14.36.32532\include\string_view(13): warning STL4038: The contents of <string_view> are available only with C++17 or later.
C:\Program Files\Microsoft Visual Studio\2022\Community\VC\Tools\MSVC\14.36.32532\include\format(43): warning STL4038: The contents of <format> are available only with C++20 or later.
D:\SJ_Practice\C++\02.UserManagementProgram\Classes\DataBase.h(10,10): error C2143: 구문 오류: ';'이(가) '*' 앞에 없습니다.
D:\SJ_Practice\C++\02.UserManagementProgram\Classes\DataBase.h(10,10): error C4430: 형식 지정자가 없습니다. int로 가정합니다. 참고: C++에서는 기본 int를 지원하지 않습니다.
D:\SJ_Practice\C++\02.UserManagementProgram\Classes\DataBase.h(10,52): error C2238: ';' 앞에 예기치 않은 토큰이 있습니다.
D:\SJ_Practice\C++\02.UserManagementProgram\Classes\DataBase.h(15,10): error C2143: 구문 오류: ';'이(가) '*' 앞에 없습니다.
D:\SJ_Practice\C++\02.UserManagementProgram\Classes\DataBase.h(15,10): error C4430: 형식 지정자가 없습니다. int로 가정합니다. 참고: C++에서는 기본 int를 지원하지 않습니다.
D:\SJ_Practice\C++\02.UserManagementProgram\Classes\DataBase.h(15,49): error C2238: ';' 앞에 예기치 않은 토큰이 있습니다.
D:\SJ_Practice\C++\02.UserManagementProgram\Classes\DataBase.h(18,10): error C2143: 구문 오류: ';'이(가) '*' 앞에 없습니다.
D:\SJ_Practice\C++\02.UserManagementProgram\Classes\DataBase.h(18,10): error C4430: 형식 지정자가 없습니다. int로 가정합니다. 참고: C++에서는 기본 int를 지원하지 않습니다.
D:\SJ_Practice\C++\02.UserManagementProgram\Classes\DataBase.h(18,51): error C2238: ';' 앞에 예기치 않은 토큰이 있습니다.
D:\SJ_Practice\C++\02.UserManagementProgram\Classes\DataBase.h(21,35): error C4430: 형식 지정자가 없습니다. int로 가정합니다. 참고: C++에서는 기본 int를 지원하지 않습니다.
D:\SJ_Practice\C++\02.UserManagementProgram\Classes\DataBase.h(21,35): error C2143: 구문 오류: ','이(가) '&' 앞에 없습니다.
D:\SJ_Practice\C++\02.UserManagementProgram\Classes\DataBase.h(23,36): error C2065: 'FAccount': 선언되지 않은 식별자입니다.
D:\SJ_Practice\C++\02.UserManagementProgram\Classes\DataBase.h(23,8): error C2923: 'std::unordered_map': 'FAccount'은(는) '_Ty' 매개 변수에 대한 올바른 템플릿 형식 인수가 아닙니다.
D:\SJ_Practice\C++\02.UserManagementProgram\Classes\DataBase.h(23,36): message : 'FAccount' 선언을 참조하십시오.
D:\SJ_Practice\C++\02.UserManagementProgram\Classes\DataBase.h(23,8): error C2976: 'std::unordered_map': 템플릿 인수가 너무 적습니다.
C:\Program Files\Microsoft Visual Studio\2022\Community\VC\Tools\MSVC\14.36.32532\include\unordered_map(67,1): message : 'std::unordered_map' 선언을 참조하십시오.
D:\SJ_Practice\C++\02.UserManagementProgram\Classes\DataBase.h(40,30): error C2065: 'FAccount': 선언되지 않은 식별자입니다.
D:\SJ_Practice\C++\02.UserManagementProgram\Classes\DataBase.h(40,2): error C2923: 'std::unordered_map': 'FAccount'은(는) '_Ty' 매개 변수에 대한 올바른 템플릿 형식 인수가 아닙니다.
D:\SJ_Practice\C++\02.UserManagementProgram\Classes\DataBase.h(40,30): message : 'FAccount' 선언을 참조하십시오.
D:\SJ_Practice\C++\02.UserManagementProgram\Classes\DataBase.h(40,2): error C2976: 'std::unordered_map': 템플릿 인수가 너무 적습니다.
C:\Program Files\Microsoft Visual Studio\2022\Community\VC\Tools\MSVC\14.36.32532\include\unordered_map(67,1): message : 'std::unordered_map' 선언을 참조하십시오.
D:\SJ_Practice\C++\02.UserManagementProgram\Classes\DataBase.h(25,2): error C2143: 구문 오류: ';'이(가) '}' 앞에 없습니다.
D:\SJ_Practice\C++\02.UserManagementProgram\PrintAccountTask.cpp(4,1): error C2653: 'FPrintAccountTask': 클래스 또는 네임스페이스 이름이 아닙니다.
D:\SJ_Practice\C++\02.UserManagementProgram\PrintAccountTask.cpp(5,1): error C4430: 형식 지정자가 없습니다. int로 가정합니다. 참고: C++에서는 기본 int를 지원하지 않습니다.
D:\SJ_Practice\C++\02.UserManagementProgram\PrintAccountTask.cpp(8,18): error C2663: 'std::_Hash<_Traits>::_Unchecked_begin': 오버로드된 함수에 'this' 포인터에 대한 유효한 변환이 없습니다.
C:\Program Files\Microsoft Visual Studio\2022\Community\VC\Tools\MSVC\14.36.32532\include\xhash(801,25): message : 'conditional<std::is_same_v<_Traits::key_type,list<_Traits::value_type,_Traits::allocator_type>::value_type>,list<_Traits::value_type,_Traits::allocator_type>::_Unchecked_const_iterator,list<_Traits::value_type,_Traits::allocator_type>::_Unchecked_iterator>::type std::_Hash<_Traits>::_Unchecked_begin(void) noexcept'일 수 있습니다.
D:\SJ_Practice\C++\02.UserManagementProgram\PrintAccountTask.cpp(8,18): message : 'conditional<std::is_same_v<_Traits::key_type,list<_Traits::value_type,_Traits::allocator_type>::value_type>,list<_Traits::value_type,_Traits::allocator_type>::_Unchecked_const_iterator,list<_Traits::value_type,_Traits::allocator_type>::_Unchecked_iterator>::type std::_Hash<_Traits>::_Unchecked_begin(void) noexcept': 'this' 포인터를 'const std::unordered_map'에서 'std::unordered_map<_Kty,_Ty,_Hasher,_Keyeq,_Alloc> &'(으)로 변환할 수 없습니다.
D:\SJ_Practice\C++\02.UserManagementProgram\PrintAccountTask.cpp(8,18): message : 원인: 'const std::unordered_map'에서 'std::unordered_map<_Kty,_Ty,_Hasher,_Keyeq,_Alloc>'(으)로 변환할 수 없습니다.
D:\SJ_Practice\C++\02.UserManagementProgram\PrintAccountTask.cpp(8,18): message : 변환하려면 둘째 사용자 정의 변환 연산자 또는 생성자가 있어야 합니다.
C:\Program Files\Microsoft Visual Studio\2022\Community\VC\Tools\MSVC\14.36.32532\include\xhash(805,31): message : 또는       'list<_Traits::value_type,_Traits::allocator_type>::_Unchecked_const_iterator std::_Hash<_Traits>::_Unchecked_begin(void) noexcept const'
D:\SJ_Practice\C++\02.UserManagementProgram\PrintAccountTask.cpp(8,18): message : 'list<_Traits::value_type,_Traits::allocator_type>::_Unchecked_const_iterator std::_Hash<_Traits>::_Unchecked_begin(void) noexcept const': 'this' 포인터를 'const std::unordered_map'에서 'const std::unordered_map<_Kty,_Ty,_Hasher,_Keyeq,_Alloc> &'(으)로 변환할 수 없습니다.
D:\SJ_Practice\C++\02.UserManagementProgram\PrintAccountTask.cpp(8,18): message : 원인: 'const std::unordered_map'에서 'const std::unordered_map<_Kty,_Ty,_Hasher,_Keyeq,_Alloc>'(으)로 변환할 수 없습니다.
D:\SJ_Practice\C++\02.UserManagementProgram\PrintAccountTask.cpp(8,18): message : 변환하려면 둘째 사용자 정의 변환 연산자 또는 생성자가 있어야 합니다.
D:\SJ_Practice\C++\02.UserManagementProgram\PrintAccountTask.cpp(8,18): message : 인수 목록 '()'을(를) 일치시키는 동안
D:\SJ_Practice\C++\02.UserManagementProgram\PrintAccountTask.cpp(8,18): error C2663: 'std::_Hash<_Traits>::_Unchecked_end': 오버로드된 함수에 'this' 포인터에 대한 유효한 변환이 없습니다.
C:\Program Files\Microsoft Visual Studio\2022\Community\VC\Tools\MSVC\14.36.32532\include\xhash(809,25): message : 'conditional<std::is_same_v<_Traits::key_type,list<_Traits::value_type,_Traits::allocator_type>::value_type>,list<_Traits::value_type,_Traits::allocator_type>::_Unchecked_const_iterator,list<_Traits::value_type,_Traits::allocator_type>::_Unchecked_iterator>::type std::_Hash<_Traits>::_Unchecked_end(void) noexcept'일 수 있습니다.
D:\SJ_Practice\C++\02.UserManagementProgram\PrintAccountTask.cpp(8,18): message : 'conditional<std::is_same_v<_Traits::key_type,list<_Traits::value_type,_Traits::allocator_type>::value_type>,list<_Traits::value_type,_Traits::allocator_type>::_Unchecked_const_iterator,list<_Traits::value_type,_Traits::allocator_type>::_Unchecked_iterator>::type std::_Hash<_Traits>::_Unchecked_end(void) noexcept': 'this' 포인터를 'const std::unordered_map'에서 'std::unordered_map<_Kty,_Ty,_Hasher,_Keyeq,_Alloc> &'(으)로 변환할 수 없습니다.
D:\SJ_Practice\C++\02.UserManagementProgram\PrintAccountTask.cpp(8,18): message : 원인: 'const std::unordered_map'에서 'std::unordered_map<_Kty,_Ty,_Hasher,_Keyeq,_Alloc>'(으)로 변환할 수 없습니다.
D:\SJ_Practice\C++\02.UserManagementProgram\PrintAccountTask.cpp(8,18): message : 변환하려면 둘째 사용자 정의 변환 연산자 또는 생성자가 있어야 합니다.
C:\Program Files\Microsoft Visual Studio\2022\Community\VC\Tools\MSVC\14.36.32532\include\xhash(813,31): message : 또는       'list<_Traits::value_type,_Traits::allocator_type>::_Unchecked_const_iterator std::_Hash<_Traits>::_Unchecked_end(void) noexcept const'
D:\SJ_Practice\C++\02.UserManagementProgram\PrintAccountTask.cpp(8,18): message : 'list<_Traits::value_type,_Traits::allocator_type>::_Unchecked_const_iterator std::_Hash<_Traits>::_Unchecked_end(void) noexcept const': 'this' 포인터를 'const std::unordered_map'에서 'const std::unordered_map<_Kty,_Ty,_Hasher,_Keyeq,_Alloc> &'(으)로 변환할 수 없습니다.
D:\SJ_Practice\C++\02.UserManagementProgram\PrintAccountTask.cpp(8,18): message : 원인: 'const std::unordered_map'에서 'const std::unordered_map<_Kty,_Ty,_Hasher,_Keyeq,_Alloc>'(으)로 변환할 수 없습니다.
D:\SJ_Practice\C++\02.UserManagementProgram\PrintAccountTask.cpp(8,18): message : 변환하려면 둘째 사용자 정의 변환 연산자 또는 생성자가 있어야 합니다.
D:\SJ_Practice\C++\02.UserManagementProgram\PrintAccountTask.cpp(8,18): message : 인수 목록 '()'을(를) 일치시키는 동안
D:\SJ_Practice\C++\02.UserManagementProgram\PrintAccountTask.cpp(9,2): error C3536: '<begin>$L0': 초기화되기 전에 사용할 수 없습니다.
D:\SJ_Practice\C++\02.UserManagementProgram\PrintAccountTask.cpp(9,2): error C3536: '<end>$L0': 초기화되기 전에 사용할 수 없습니다.
D:\SJ_Practice\C++\02.UserManagementProgram\PrintAccountTask.cpp(8,28): error C2100: 간접 참조가 잘못되었습니다.
D:\SJ_Practice\C++\02.UserManagementProgram\PrintAccountTask.cpp(10,11): error C2065: 'format': 선언되지 않은 식별자입니다.
D:\SJ_Practice\C++\02.UserManagementProgram\PrintAccountTask.cpp(13,1): error C2059: 구문 오류: '}'
D:\SJ_Practice\C++\02.UserManagementProgram\PrintAccountTask.cpp(13,1): warning C4508: 'FPrintAccountTask': 함수는 값을 반환해야 하므로 'void' 반환 형식으로 간주됩니다.
  CreateAccountTask.cpp
C:\Program Files\Microsoft Visual Studio\2022\Community\VC\Tools\MSVC\14.36.32532\include\string_view(13): warning STL4038: The contents of <string_view> are available only with C++17 or later.
C:\Program Files\Microsoft Visual Studio\2022\Community\VC\Tools\MSVC\14.36.32532\include\format(43): warning STL4038: The contents of <format> are available only with C++20 or later.
D:\SJ_Practice\C++\02.UserManagementProgram\MISC\Utils.h(6,18): error C3646: 'MakeAccountFromUserInput': 알 수 없는 재정의 지정자입니다.
D:\SJ_Practice\C++\02.UserManagementProgram\MISC\Utils.h(6,43): error C2059: 구문 오류: ')'
D:\SJ_Practice\C++\02.UserManagementProgram\MISC\Utils.h(7,2): error C2334: '{' 앞에 예기치 않은 토큰이 있습니다. 명백한 함수 본문을 건너뜁니다.
D:\SJ_Practice\C++\02.UserManagementProgram\MISC\Utils.h(23,12): error C3861: 'format': 식별자를 찾을 수 없습니다.
D:\SJ_Practice\C++\02.UserManagementProgram\MISC\Utils.h(27,12): error C3861: 'format': 식별자를 찾을 수 없습니다.
D:\SJ_Practice\C++\02.UserManagementProgram\Classes\DataBase.h(10,10): error C2143: 구문 오류: ';'이(가) '*' 앞에 없습니다.
D:\SJ_Practice\C++\02.UserManagementProgram\Classes\DataBase.h(10,10): error C4430: 형식 지정자가 없습니다. int로 가정합니다. 참고: C++에서는 기본 int를 지원하지 않습니다.
D:\SJ_Practice\C++\02.UserManagementProgram\Classes\DataBase.h(10,52): error C2238: ';' 앞에 예기치 않은 토큰이 있습니다.
D:\SJ_Practice\C++\02.UserManagementProgram\Classes\DataBase.h(15,10): error C2143: 구문 오류: ';'이(가) '*' 앞에 없습니다.
D:\SJ_Practice\C++\02.UserManagementProgram\Classes\DataBase.h(15,10): error C4430: 형식 지정자가 없습니다. int로 가정합니다. 참고: C++에서는 기본 int를 지원하지 않습니다.
D:\SJ_Practice\C++\02.UserManagementProgram\Classes\DataBase.h(15,49): error C2238: ';' 앞에 예기치 않은 토큰이 있습니다.
D:\SJ_Practice\C++\02.UserManagementProgram\Classes\DataBase.h(18,10): error C2143: 구문 오류: ';'이(가) '*' 앞에 없습니다.
D:\SJ_Practice\C++\02.UserManagementProgram\Classes\DataBase.h(18,10): error C4430: 형식 지정자가 없습니다. int로 가정합니다. 참고: C++에서는 기본 int를 지원하지 않습니다.
D:\SJ_Practice\C++\02.UserManagementProgram\Classes\DataBase.h(18,51): error C2238: ';' 앞에 예기치 않은 토큰이 있습니다.
D:\SJ_Practice\C++\02.UserManagementProgram\Classes\DataBase.h(21,35): error C4430: 형식 지정자가 없습니다. int로 가정합니다. 참고: C++에서는 기본 int를 지원하지 않습니다.
D:\SJ_Practice\C++\02.UserManagementProgram\Classes\DataBase.h(21,35): error C2143: 구문 오류: ','이(가) '&' 앞에 없습니다.
D:\SJ_Practice\C++\02.UserManagementProgram\Classes\DataBase.h(23,36): error C2065: 'FAccount': 선언되지 않은 식별자입니다.
D:\SJ_Practice\C++\02.UserManagementProgram\Classes\DataBase.h(23,8): error C2923: 'std::unordered_map': 'FAccount'은(는) '_Ty' 매개 변수에 대한 올바른 템플릿 형식 인수가 아닙니다.
D:\SJ_Practice\C++\02.UserManagementProgram\Classes\DataBase.h(23,36): message : 'FAccount' 선언을 참조하십시오.
D:\SJ_Practice\C++\02.UserManagementProgram\Classes\DataBase.h(23,8): error C2976: 'std::unordered_map': 템플릿 인수가 너무 적습니다.
C:\Program Files\Microsoft Visual Studio\2022\Community\VC\Tools\MSVC\14.36.32532\include\unordered_map(67,1): message : 'std::unordered_map' 선언을 참조하십시오.
D:\SJ_Practice\C++\02.UserManagementProgram\Classes\DataBase.h(40,30): error C2065: 'FAccount': 선언되지 않은 식별자입니다.
D:\SJ_Practice\C++\02.UserManagementProgram\Classes\DataBase.h(40,2): error C2923: 'std::unordered_map': 'FAccount'은(는) '_Ty' 매개 변수에 대한 올바른 템플릿 형식 인수가 아닙니다.
D:\SJ_Practice\C++\02.UserManagementProgram\Classes\DataBase.h(40,30): message : 'FAccount' 선언을 참조하십시오.
D:\SJ_Practice\C++\02.UserManagementProgram\Classes\DataBase.h(40,2): error C2976: 'std::unordered_map': 템플릿 인수가 너무 적습니다.
C:\Program Files\Microsoft Visual Studio\2022\Community\VC\Tools\MSVC\14.36.32532\include\unordered_map(67,1): message : 'std::unordered_map' 선언을 참조하십시오.
D:\SJ_Practice\C++\02.UserManagementProgram\Classes\DataBase.h(25,2): error C2143: 구문 오류: ';'이(가) '}' 앞에 없습니다.
D:\SJ_Practice\C++\02.UserManagementProgram\Task\CreateAccountTask.cpp(7,2): error C2065: 'FAccount': 선언되지 않은 식별자입니다.
D:\SJ_Practice\C++\02.UserManagementProgram\Task\CreateAccountTask.cpp(7,11): error C2146: 구문 오류: ';'이(가) 'Account' 식별자 앞에 없습니다.
D:\SJ_Practice\C++\02.UserManagementProgram\Task\CreateAccountTask.cpp(7,11): error C2065: 'Account': 선언되지 않은 식별자입니다.
D:\SJ_Practice\C++\02.UserManagementProgram\Task\CreateAccountTask.cpp(7,29): error C2039: 'MakeAccountFromUserInput': 'FUtils'의 멤버가 아닙니다.
D:\SJ_Practice\C++\02.UserManagementProgram\MISC\Utils.h(4,8): message : 'FUtils' 선언을 참조하십시오.
D:\SJ_Practice\C++\02.UserManagementProgram\Task\CreateAccountTask.cpp(7,53): error C3861: 'MakeAccountFromUserInput': 식별자를 찾을 수 없습니다.
D:\SJ_Practice\C++\02.UserManagementProgram\Task\CreateAccountTask.cpp(8,2): error C2065: 'FAccount': 선언되지 않은 식별자입니다.
D:\SJ_Practice\C++\02.UserManagementProgram\Task\CreateAccountTask.cpp(8,12): error C2065: 'Result': 선언되지 않은 식별자입니다.
D:\SJ_Practice\C++\02.UserManagementProgram\Task\CreateAccountTask.cpp(8,31): error C2039: 'CreateAccount': 'FDataBase'의 멤버가 아닙니다.
D:\SJ_Practice\C++\02.UserManagementProgram\Classes\DataBase.h(6,7): message : 'FDataBase' 선언을 참조하십시오.
D:\SJ_Practice\C++\02.UserManagementProgram\Task\CreateAccountTask.cpp(8,45): error C2065: 'Account': 선언되지 않은 식별자입니다.
D:\SJ_Practice\C++\02.UserManagementProgram\Task\CreateAccountTask.cpp(9,37): error C2065: 'Result': 선언되지 않은 식별자입니다.
  DeleteAccountTask.cpp
D:\SJ_Practice\C++\02.UserManagementProgram\MISC\Utils.h(6,18): error C3646: 'MakeAccountFromUserInput': 알 수 없는 재정의 지정자입니다.
D:\SJ_Practice\C++\02.UserManagementProgram\MISC\Utils.h(6,43): error C2059: 구문 오류: ')'
D:\SJ_Practice\C++\02.UserManagementProgram\MISC\Utils.h(7,2): error C2334: '{' 앞에 예기치 않은 토큰이 있습니다. 명백한 함수 본문을 건너뜁니다.
D:\SJ_Practice\C++\02.UserManagementProgram\MISC\Utils.h(23,4): error C2065: 'cout': 선언되지 않은 식별자입니다.
D:\SJ_Practice\C++\02.UserManagementProgram\MISC\Utils.h(23,12): error C3861: 'format': 식별자를 찾을 수 없습니다.
D:\SJ_Practice\C++\02.UserManagementProgram\MISC\Utils.h(27,4): error C2065: 'cout': 선언되지 않은 식별자입니다.
D:\SJ_Practice\C++\02.UserManagementProgram\MISC\Utils.h(27,12): error C3861: 'format': 식별자를 찾을 수 없습니다.
C:\Program Files\Microsoft Visual Studio\2022\Community\VC\Tools\MSVC\14.36.32532\include\string_view(13): warning STL4038: The contents of <string_view> are available only with C++17 or later.
C:\Program Files\Microsoft Visual Studio\2022\Community\VC\Tools\MSVC\14.36.32532\include\format(43): warning STL4038: The contents of <format> are available only with C++20 or later.
D:\SJ_Practice\C++\02.UserManagementProgram\Classes\DataBase.h(10,10): error C2143: 구문 오류: ';'이(가) '*' 앞에 없습니다.
D:\SJ_Practice\C++\02.UserManagementProgram\Classes\DataBase.h(10,10): error C4430: 형식 지정자가 없습니다. int로 가정합니다. 참고: C++에서는 기본 int를 지원하지 않습니다.
D:\SJ_Practice\C++\02.UserManagementProgram\Classes\DataBase.h(10,52): error C2238: ';' 앞에 예기치 않은 토큰이 있습니다.
D:\SJ_Practice\C++\02.UserManagementProgram\Classes\DataBase.h(15,10): error C2143: 구문 오류: ';'이(가) '*' 앞에 없습니다.
D:\SJ_Practice\C++\02.UserManagementProgram\Classes\DataBase.h(15,10): error C4430: 형식 지정자가 없습니다. int로 가정합니다. 참고: C++에서는 기본 int를 지원하지 않습니다.
D:\SJ_Practice\C++\02.UserManagementProgram\Classes\DataBase.h(15,49): error C2238: ';' 앞에 예기치 않은 토큰이 있습니다.
D:\SJ_Practice\C++\02.UserManagementProgram\Classes\DataBase.h(18,10): error C2143: 구문 오류: ';'이(가) '*' 앞에 없습니다.
D:\SJ_Practice\C++\02.UserManagementProgram\Classes\DataBase.h(18,10): error C4430: 형식 지정자가 없습니다. int로 가정합니다. 참고: C++에서는 기본 int를 지원하지 않습니다.
D:\SJ_Practice\C++\02.UserManagementProgram\Classes\DataBase.h(18,51): error C2238: ';' 앞에 예기치 않은 토큰이 있습니다.
D:\SJ_Practice\C++\02.UserManagementProgram\Classes\DataBase.h(21,35): error C4430: 형식 지정자가 없습니다. int로 가정합니다. 참고: C++에서는 기본 int를 지원하지 않습니다.
D:\SJ_Practice\C++\02.UserManagementProgram\Classes\DataBase.h(21,35): error C2143: 구문 오류: ','이(가) '&' 앞에 없습니다.
D:\SJ_Practice\C++\02.UserManagementProgram\Classes\DataBase.h(23,36): error C2065: 'FAccount': 선언되지 않은 식별자입니다.
D:\SJ_Practice\C++\02.UserManagementProgram\Classes\DataBase.h(23,8): error C2923: 'std::unordered_map': 'FAccount'은(는) '_Ty' 매개 변수에 대한 올바른 템플릿 형식 인수가 아닙니다.
D:\SJ_Practice\C++\02.UserManagementProgram\Classes\DataBase.h(23,36): message : 'FAccount' 선언을 참조하십시오.
D:\SJ_Practice\C++\02.UserManagementProgram\Classes\DataBase.h(23,8): error C2976: 'std::unordered_map': 템플릿 인수가 너무 적습니다.
C:\Program Files\Microsoft Visual Studio\2022\Community\VC\Tools\MSVC\14.36.32532\include\unordered_map(67,1): message : 'std::unordered_map' 선언을 참조하십시오.
D:\SJ_Practice\C++\02.UserManagementProgram\Classes\DataBase.h(40,30): error C2065: 'FAccount': 선언되지 않은 식별자입니다.
D:\SJ_Practice\C++\02.UserManagementProgram\Classes\DataBase.h(40,2): error C2923: 'std::unordered_map': 'FAccount'은(는) '_Ty' 매개 변수에 대한 올바른 템플릿 형식 인수가 아닙니다.
D:\SJ_Practice\C++\02.UserManagementProgram\Classes\DataBase.h(40,30): message : 'FAccount' 선언을 참조하십시오.
D:\SJ_Practice\C++\02.UserManagementProgram\Classes\DataBase.h(40,2): error C2976: 'std::unordered_map': 템플릿 인수가 너무 적습니다.
C:\Program Files\Microsoft Visual Studio\2022\Community\VC\Tools\MSVC\14.36.32532\include\unordered_map(67,1): message : 'std::unordered_map' 선언을 참조하십시오.
D:\SJ_Practice\C++\02.UserManagementProgram\Classes\DataBase.h(25,2): error C2143: 구문 오류: ';'이(가) '}' 앞에 없습니다.
D:\SJ_Practice\C++\02.UserManagementProgram\Task\DeleteAccountTask.cpp(8,2): error C2065: 'FAccount': 선언되지 않은 식별자입니다.
D:\SJ_Practice\C++\02.UserManagementProgram\Task\DeleteAccountTask.cpp(8,11): error C2146: 구문 오류: ';'이(가) 'Account' 식별자 앞에 없습니다.
D:\SJ_Practice\C++\02.UserManagementProgram\Task\DeleteAccountTask.cpp(8,11): error C2065: 'Account': 선언되지 않은 식별자입니다.
D:\SJ_Practice\C++\02.UserManagementProgram\Task\DeleteAccountTask.cpp(8,29): error C2039: 'MakeAccountFromUserInput': 'FUtils'의 멤버가 아닙니다.
D:\SJ_Practice\C++\02.UserManagementProgram\MISC\Utils.h(4,8): message : 'FUtils' 선언을 참조하십시오.
D:\SJ_Practice\C++\02.UserManagementProgram\Task\DeleteAccountTask.cpp(8,53): error C3861: 'MakeAccountFromUserInput': 식별자를 찾을 수 없습니다.
D:\SJ_Practice\C++\02.UserManagementProgram\Task\DeleteAccountTask.cpp(9,41): error C2065: 'Account': 선언되지 않은 식별자입니다.
  코드를 생성하고 있습니다...
